<?xml version="1.0" encoding="UTF-8"?>
<!-- Generated by org.testng.reporters.JUnitXMLReporter -->
<testsuite hostname="LAPTOP-EFHEOHBS" ignored="0" name="Test" tests="8" failures="1" timestamp="19 Jul 2022 13:39:59 GMT" time="0.036" errors="0">
  <testcase name="p1" time="0.005" classname="org.para.Q2"/>
  <testcase name="p2" time="0.003" classname="org.para.Q2">
    <skipped/>
  </testcase> <!-- p2 -->
  <testcase name="p2" time="0.001" classname="org.para.Q2">
    <skipped/>
  </testcase> <!-- p2 -->
  <testcase name="p2" time="0.0" classname="org.para.Q2">
    <skipped/>
  </testcase> <!-- p2 -->
  <testcase name="p2" time="0.001" classname="org.para.Q2">
    <skipped/>
  </testcase> <!-- p2 -->
  <testcase name="p2" time="0.001" classname="org.para.Q2">
    <skipped/>
  </testcase> <!-- p2 -->
  <testcase name="p2" time="0.001" classname="org.para.Q2">
    <failure type="java.lang.AssertionError" message="expected [true] but found [false]">
      <![CDATA[java.lang.AssertionError: expected [true] but found [false]
at org.para.Q2.p2(Q2.java:14)
... Removed 29 stack frames]]>
    </failure>
  </testcase> <!-- p2 -->
  <testcase name="p3" time="0.001" classname="org.para.Q2"/>
</testsuite> <!-- Test -->
